<?xml version="1.0" encoding="UTF-8"?>
<!-- Generated by org.testng.reporters.JUnitXMLReporter -->
<testsuite ignored="0" hostname="LAPTOP-SDOF6S7J" failures="0" tests="2" name="OperaTest" time="1.343" errors="0" timestamp="2022-05-25T12:09:19 IST">
  <testcase classname="AmazonTestNGpackage.AmazonTestNgClass" name="@BeforeTest launchbrowser" time="1.281">
    <failure type="org.openqa.selenium.SessionNotCreatedException" message="session not created: This version of OperaDriver only supports Opera version 99
Current browser version is 101.0.4951.64 with binary path C:\Users\panka\AppData\Local\Programs\Opera\87.0.4390.25\opera.exe
  (Driver info: operadriver=99.0.4844.51 (d537ec02474b5afe23684e7963d538896c63ac77-refs/branch-heads/4844@{#875}),platform=Windows NT 10.0.22000 x86_64) (WARNING: The server did not provide any stacktrace information)
Command duration or timeout: 1.22 seconds
Build info: version: &amp;apos;3.141.59&amp;apos;, revision: &amp;apos;e82be7d358&amp;apos;, time: &amp;apos;2018-11-14T08:17:03&amp;apos;
System info: host: &amp;apos;LAPTOP-SDOF6S7J&amp;apos;, ip: &amp;apos;192.168.1.200&amp;apos;, os.name: &amp;apos;Windows 11&amp;apos;, os.arch: &amp;apos;amd64&amp;apos;, os.version: &amp;apos;10.0&amp;apos;, java.version: &amp;apos;18.0.1.1&amp;apos;
Driver info: driver.version: OperaDriver">
      <![CDATA[org.openqa.selenium.SessionNotCreatedException: session not created: This version of OperaDriver only supports Opera version 99
Current browser version is 101.0.4951.64 with binary path C:\Users\panka\AppData\Local\Programs\Opera\87.0.4390.25\opera.exe
  (Driver info: operadriver=99.0.4844.51 (d537ec02474b5afe23684e7963d538896c63ac77-refs/branch-heads/4844@{#875}),platform=Windows NT 10.0.22000 x86_64) (WARNING: The server did not provide any stacktrace information)
Command duration or timeout: 1.22 seconds
Build info: version: '3.141.59', revision: 'e82be7d358', time: '2018-11-14T08:17:03'
System info: host: 'LAPTOP-SDOF6S7J', ip: '192.168.1.200', os.name: 'Windows 11', os.arch: 'amd64', os.version: '10.0', java.version: '18.0.1.1'
Driver info: driver.version: OperaDriver
at org.openqa.selenium.remote.ErrorHandler.createThrowable(ErrorHandler.java:214)
at org.openqa.selenium.remote.ErrorHandler.throwIfResponseFailed(ErrorHandler.java:166)
at org.openqa.selenium.remote.JsonWireProtocolResponse.lambda$errorHandler$0(JsonWireProtocolResponse.java:54)
at org.openqa.selenium.remote.HandshakeResponse.lambda$getResponseFunction$0(HandshakeResponse.java:30)
at org.openqa.selenium.remote.ProtocolHandshake.lambda$createSession$0(ProtocolHandshake.java:126)
at java.base/java.util.stream.ReferencePipeline$3$1.accept(ReferencePipeline.java:197)
at java.base/java.util.Spliterators$ArraySpliterator.tryAdvance(Spliterators.java:1002)
at java.base/java.util.stream.ReferencePipeline.forEachWithCancel(ReferencePipeline.java:129)
at java.base/java.util.stream.AbstractPipeline.copyIntoWithCancel(AbstractPipeline.java:527)
at java.base/java.util.stream.AbstractPipeline.copyInto(AbstractPipeline.java:513)
at java.base/java.util.stream.AbstractPipeline.wrapAndCopyInto(AbstractPipeline.java:499)
at java.base/java.util.stream.FindOps$FindOp.evaluateSequential(FindOps.java:150)
at java.base/java.util.stream.AbstractPipeline.evaluate(AbstractPipeline.java:234)
at java.base/java.util.stream.ReferencePipeline.findFirst(ReferencePipeline.java:647)
at org.openqa.selenium.remote.ProtocolHandshake.createSession(ProtocolHandshake.java:128)
at org.openqa.selenium.remote.ProtocolHandshake.createSession(ProtocolHandshake.java:74)
at org.openqa.selenium.remote.HttpCommandExecutor.execute(HttpCommandExecutor.java:136)
at org.openqa.selenium.remote.service.DriverCommandExecutor.execute(DriverCommandExecutor.java:83)
at org.openqa.selenium.remote.RemoteWebDriver.execute(RemoteWebDriver.java:552)
at org.openqa.selenium.remote.RemoteWebDriver.startSession(RemoteWebDriver.java:213)
at org.openqa.selenium.remote.RemoteWebDriver.<init>(RemoteWebDriver.java:131)
at org.openqa.selenium.opera.OperaDriver.<init>(OperaDriver.java:173)
at org.openqa.selenium.opera.OperaDriver.<init>(OperaDriver.java:160)
at org.openqa.selenium.opera.OperaDriver.<init>(OperaDriver.java:115)
at Browser.Base.openOperaBrowser(Base.java:27)
at AmazonTestNGpackage.AmazonTestNgClass.launchbrowser(AmazonTestNgClass.java:42)
... Removed 25 stack frames]]>
    </failure>
  </testcase> <!-- @BeforeTest launchbrowser -->
  <testcase classname="AmazonTestNGpackage.AmazonTestNgClass" name="@BeforeClass createPOMobject" time="-1.653460759852E9">
    <skipped/>
  </testcase> <!-- @BeforeClass createPOMobject -->
  <testcase classname="AmazonTestNGpackage.AmazonTestNgClass" name="@BeforeMethod LoginToApplication" time="-1.653460759856E9">
    <skipped/>
  </testcase> <!-- @BeforeMethod LoginToApplication -->
  <testcase classname="AmazonTestNGpackage.AmazonTestNgClass" name="@AfterMethod LogoutFromAppliaction" time="-1.653460759871E9">
    <skipped/>
  </testcase> <!-- @AfterMethod LogoutFromAppliaction -->
  <testcase classname="AmazonTestNGpackage.AmazonTestNgClass" name="@BeforeMethod LoginToApplication" time="-1.653460759877E9">
    <skipped/>
  </testcase> <!-- @BeforeMethod LoginToApplication -->
  <testcase classname="AmazonTestNGpackage.AmazonTestNgClass" name="@AfterMethod LogoutFromAppliaction" time="-1.653460759892E9">
    <skipped/>
  </testcase> <!-- @AfterMethod LogoutFromAppliaction -->
  <testcase classname="AmazonTestNGpackage.AmazonTestNgClass" name="@AfterClass clearObject" time="-1.653460759895E9">
    <skipped/>
  </testcase> <!-- @AfterClass clearObject -->
  <testcase classname="AmazonTestNGpackage.AmazonTestNgClass" name="@AfterTest closedBrowser" time="-1.653460759897E9">
    <skipped/>
  </testcase> <!-- @AfterTest closedBrowser -->
  <testcase classname="AmazonTestNGpackage.AmazonTestNgClass" name="VerifyGiftcardTab" time="0.0">
    <skipped/>
  </testcase> <!-- VerifyGiftcardTab -->
  <testcase classname="AmazonTestNGpackage.AmazonTestNgClass" name="VerifyAmazonPayTab" time="0.0">
    <skipped/>
  </testcase> <!-- VerifyAmazonPayTab -->
</testsuite> <!-- OperaTest -->
