<?xml version="1.0" encoding="UTF-8"?>
<!-- Generated by org.testng.reporters.JUnitXMLReporter -->
<testsuite ignored="0" hostname="LAPTOP-SDOF6S7J" failures="0" tests="2" name="Default test" time="0.089" errors="0" timestamp="2022-05-29T15:55:42 IST">
  <testcase classname="AmazonTestNGpackage.AmazonTestNgClass" name="@BeforeTest launchbrowser" time="-1.653819942719E9">
    <failure type="org.testng.TestNGException" message="
Parameter &amp;apos;browserName&amp;apos; is required by BeforeTest on method launchbrowser but has not been marked @Optional or defined
in C:\Users\panka\AppData\Local\Temp\testng-eclipse--617273491\testng-customsuite.xml">
      <![CDATA[org.testng.TestNGException: 
Parameter 'browserName' is required by BeforeTest on method launchbrowser but has not been marked @Optional or defined
in C:\Users\panka\AppData\Local\Temp\testng-eclipse--617273491\testng-customsuite.xml
at org.testng.internal.Parameters.createParams(Parameters.java:270)
at org.testng.internal.Parameters.createParametersForMethod(Parameters.java:358)
at org.testng.internal.Parameters.createParameters(Parameters.java:700)
at org.testng.internal.Parameters.createConfigurationParameters(Parameters.java:168)
at org.testng.internal.ConfigInvoker.invokeConfigurations(ConfigInvoker.java:302)
at org.testng.TestRunner.invokeTestConfigurations(TestRunner.java:637)
at org.testng.TestRunner.beforeRun(TestRunner.java:627)
at org.testng.TestRunner.run(TestRunner.java:589)
at org.testng.SuiteRunner.runTest(SuiteRunner.java:377)
at org.testng.SuiteRunner.runSequentially(SuiteRunner.java:371)
at org.testng.SuiteRunner.privateRun(SuiteRunner.java:332)
at org.testng.SuiteRunner.run(SuiteRunner.java:276)
at org.testng.SuiteRunnerWorker.runSuite(SuiteRunnerWorker.java:53)
at org.testng.SuiteRunnerWorker.run(SuiteRunnerWorker.java:96)
at org.testng.TestNG.runSuitesSequentially(TestNG.java:1212)
at org.testng.TestNG.runSuitesLocally(TestNG.java:1134)
at org.testng.TestNG.runSuites(TestNG.java:1063)
at org.testng.TestNG.run(TestNG.java:1031)
at org.testng.remote.AbstractRemoteTestNG.run(AbstractRemoteTestNG.java:115)
at org.testng.remote.RemoteTestNG.initAndRun(RemoteTestNG.java:251)
at org.testng.remote.RemoteTestNG.main(RemoteTestNG.java:77)
]]>
    </failure>
  </testcase> <!-- @BeforeTest launchbrowser -->
  <testcase classname="AmazonTestNGpackage.AmazonTestNgClass" name="@BeforeClass createPOMobject" time="-1.653819942754E9">
    <skipped/>
  </testcase> <!-- @BeforeClass createPOMobject -->
  <testcase classname="AmazonTestNGpackage.AmazonTestNgClass" name="@BeforeMethod LoginToApplication" time="-1.65381994277E9">
    <skipped/>
  </testcase> <!-- @BeforeMethod LoginToApplication -->
  <testcase classname="AmazonTestNGpackage.AmazonTestNgClass" name="@AfterMethod LogoutFromAppliaction" time="-1.653819942781E9">
    <skipped/>
  </testcase> <!-- @AfterMethod LogoutFromAppliaction -->
  <testcase classname="AmazonTestNGpackage.AmazonTestNgClass" name="@BeforeMethod LoginToApplication" time="-1.653819942788E9">
    <skipped/>
  </testcase> <!-- @BeforeMethod LoginToApplication -->
  <testcase classname="AmazonTestNGpackage.AmazonTestNgClass" name="@AfterMethod LogoutFromAppliaction" time="-1.653819942795E9">
    <skipped/>
  </testcase> <!-- @AfterMethod LogoutFromAppliaction -->
  <testcase classname="AmazonTestNGpackage.AmazonTestNgClass" name="@AfterClass clearObject" time="-1.653819942798E9">
    <skipped/>
  </testcase> <!-- @AfterClass clearObject -->
  <testcase classname="AmazonTestNGpackage.AmazonTestNgClass" name="@AfterTest closedBrowser" time="-1.653819942801E9">
    <skipped/>
  </testcase> <!-- @AfterTest closedBrowser -->
  <testcase classname="AmazonTestNGpackage.AmazonTestNgClass" name="VerifyGiftcardTab" time="0.0">
    <skipped/>
  </testcase> <!-- VerifyGiftcardTab -->
  <testcase classname="AmazonTestNGpackage.AmazonTestNgClass" name="VerifyAmazonPayTab" time="0.0">
    <skipped/>
  </testcase> <!-- VerifyAmazonPayTab -->
</testsuite> <!-- Default test -->
